<?xml version="1.0" encoding="UTF-8"?>
<testsuite name="com.interpark.ncl.ProductIntegrationTest" tests="3" skipped="0" failures="0" errors="0" timestamp="2022-01-29T05:05:17" hostname="HWANGJIHUNui-MacBookAir.local" time="0.387">
  <properties/>
  <testcase name="키워드와 유저가 주어졌고 상품 리스트를 검색했는데 일치하는 품목이 5개 이하일 때 성별 및 나이대에 맞는 정보를 잘 가져오는지 확인" classname="com.interpark.ncl.ProductIntegrationTest" time="0.324"/>
  <testcase name="키워드와 유저가 주어졌고 상품 리스트를 검색할 때 키워드가 가장 많이 일치하는 순서대로 정렬되었는지 키워드 포함이 갯수가 일치할 때 구매수로 잘 정렬되는지 확인" classname="com.interpark.ncl.ProductIntegrationTest" time="0.028"/>
  <testcase name="키워드와 유저가 주어졌고 상품 리스트를 검색했는데 일치하는 품목이 5개 이하이면서 사용자 정보가비어져있을 때 가장 구매순이 높은 순서대로 정렬이 되는지 확인" classname="com.interpark.ncl.ProductIntegrationTest" time="0.033"/>
  <system-out><![CDATA[14:05:05.673 [Test worker] DEBUG org.springframework.test.context.BootstrapUtils - Instantiating CacheAwareContextLoaderDelegate from class [org.springframework.test.context.cache.DefaultCacheAwareContextLoaderDelegate]
14:05:05.687 [Test worker] DEBUG org.springframework.test.context.BootstrapUtils - Instantiating BootstrapContext using constructor [public org.springframework.test.context.support.DefaultBootstrapContext(java.lang.Class,org.springframework.test.context.CacheAwareContextLoaderDelegate)]
14:05:05.737 [Test worker] DEBUG org.springframework.test.context.BootstrapUtils - Instantiating TestContextBootstrapper for test class [com.interpark.ncl.ProductIntegrationTest] from class [org.springframework.boot.test.context.SpringBootTestContextBootstrapper]
14:05:05.752 [Test worker] INFO org.springframework.boot.test.context.SpringBootTestContextBootstrapper - Neither @ContextConfiguration nor @ContextHierarchy found for test class [com.interpark.ncl.ProductIntegrationTest], using SpringBootContextLoader
14:05:05.757 [Test worker] DEBUG org.springframework.test.context.support.AbstractContextLoader - Did not detect default resource location for test class [com.interpark.ncl.ProductIntegrationTest]: class path resource [com/interpark/ncl/ProductIntegrationTest-context.xml] does not exist
14:05:05.760 [Test worker] DEBUG org.springframework.test.context.support.AbstractContextLoader - Did not detect default resource location for test class [com.interpark.ncl.ProductIntegrationTest]: class path resource [com/interpark/ncl/ProductIntegrationTestContext.groovy] does not exist
14:05:05.760 [Test worker] INFO org.springframework.test.context.support.AbstractContextLoader - Could not detect default resource locations for test class [com.interpark.ncl.ProductIntegrationTest]: no resource found for suffixes {-context.xml, Context.groovy}.
14:05:05.761 [Test worker] INFO org.springframework.test.context.support.AnnotationConfigContextLoaderUtils - Could not detect default configuration classes for test class [com.interpark.ncl.ProductIntegrationTest]: ProductIntegrationTest does not declare any static, non-private, non-final, nested classes annotated with @Configuration.
14:05:05.815 [Test worker] DEBUG org.springframework.test.context.support.ActiveProfilesUtils - Could not find an 'annotation declaring class' for annotation type [org.springframework.test.context.ActiveProfiles] and class [com.interpark.ncl.ProductIntegrationTest]
14:05:05.906 [Test worker] DEBUG org.springframework.context.annotation.ClassPathScanningCandidateComponentProvider - Identified candidate component class: file [/Users/ghkdwlgns612/Downloads/데이터서비스팀_과제_220118/ncl_ds_test1/build/classes/java/main/com/interpark/ncl/RecommendProductApplication.class]
14:05:05.915 [Test worker] INFO org.springframework.boot.test.context.SpringBootTestContextBootstrapper - Found @SpringBootConfiguration com.interpark.ncl.RecommendProductApplication for test class com.interpark.ncl.ProductIntegrationTest
14:05:06.016 [Test worker] DEBUG org.springframework.boot.test.context.SpringBootTestContextBootstrapper - @TestExecutionListeners is not present for class [com.interpark.ncl.ProductIntegrationTest]: using defaults.
14:05:06.017 [Test worker] INFO org.springframework.boot.test.context.SpringBootTestContextBootstrapper - Loaded default TestExecutionListener class names from location [META-INF/spring.factories]: [org.springframework.boot.test.autoconfigure.restdocs.RestDocsTestExecutionListener, org.springframework.boot.test.autoconfigure.web.client.MockRestServiceServerResetTestExecutionListener, org.springframework.boot.test.autoconfigure.web.servlet.MockMvcPrintOnlyOnFailureTestExecutionListener, org.springframework.boot.test.autoconfigure.web.servlet.WebDriverTestExecutionListener, org.springframework.boot.test.autoconfigure.webservices.client.MockWebServiceServerTestExecutionListener, org.springframework.boot.test.mock.mockito.MockitoTestExecutionListener, org.springframework.boot.test.mock.mockito.ResetMocksTestExecutionListener, org.springframework.test.context.web.ServletTestExecutionListener, org.springframework.test.context.support.DirtiesContextBeforeModesTestExecutionListener, org.springframework.test.context.event.ApplicationEventsTestExecutionListener, org.springframework.test.context.support.DependencyInjectionTestExecutionListener, org.springframework.test.context.support.DirtiesContextTestExecutionListener, org.springframework.test.context.transaction.TransactionalTestExecutionListener, org.springframework.test.context.jdbc.SqlScriptsTestExecutionListener, org.springframework.test.context.event.EventPublishingTestExecutionListener]
14:05:06.033 [Test worker] INFO org.springframework.boot.test.context.SpringBootTestContextBootstrapper - Using TestExecutionListeners: [org.springframework.test.context.web.ServletTestExecutionListener@6e8ec938, org.springframework.test.context.support.DirtiesContextBeforeModesTestExecutionListener@3f8abb99, org.springframework.test.context.event.ApplicationEventsTestExecutionListener@18808d08, org.springframework.boot.test.mock.mockito.MockitoTestExecutionListener@18d7a72, org.springframework.boot.test.autoconfigure.SpringBootDependencyInjectionTestExecutionListener@19d2b472, org.springframework.test.context.support.DirtiesContextTestExecutionListener@73ee82a2, org.springframework.test.context.transaction.TransactionalTestExecutionListener@6f1ab91a, org.springframework.test.context.jdbc.SqlScriptsTestExecutionListener@52e1061, org.springframework.test.context.event.EventPublishingTestExecutionListener@9535592, org.springframework.boot.test.autoconfigure.restdocs.RestDocsTestExecutionListener@e2f2d88, org.springframework.boot.test.autoconfigure.web.client.MockRestServiceServerResetTestExecutionListener@34c7973e, org.springframework.boot.test.autoconfigure.web.servlet.MockMvcPrintOnlyOnFailureTestExecutionListener@419f24df, org.springframework.boot.test.autoconfigure.web.servlet.WebDriverTestExecutionListener@527306bb, org.springframework.boot.test.autoconfigure.webservices.client.MockWebServiceServerTestExecutionListener@25473210, org.springframework.boot.test.mock.mockito.ResetMocksTestExecutionListener@2d313fe1]
14:05:06.071 [Test worker] DEBUG org.springframework.test.context.support.TestPropertySourceUtils - Adding inlined properties to environment: {spring.jmx.enabled=false, org.springframework.boot.test.context.SpringBootTestContextBootstrapper=true}

  .   ____          _            __ _ _
 /\\ / ___'_ __ _ _(_)_ __  __ _ \ \ \ \
( ( )\___ | '_ | '_| | '_ \/ _` | \ \ \ \
 \\/  ___)| |_)| | | | | || (_| |  ) ) ) )
  '  |____| .__|_| |_|_| |_\__, | / / / /
 =========|_|==============|___/=/_/_/_/
 :: Spring Boot ::                (v2.5.3)

2022-01-29 14:05:11.704  INFO 1724 --- [    Test worker] c.interpark.ncl.ProductIntegrationTest   : Starting ProductIntegrationTest using Java 11.0.13 on HWANGJIHUNui-MacBookAir.local with PID 1724 (started by ghkdwlgns612 in /Users/ghkdwlgns612/Downloads/데이터서비스팀_과제_220118/ncl_ds_test1)
2022-01-29 14:05:11.712  INFO 1724 --- [    Test worker] c.interpark.ncl.ProductIntegrationTest   : No active profile set, falling back to default profiles: default
2022-01-29 14:05:12.883  INFO 1724 --- [    Test worker] .s.d.r.c.RepositoryConfigurationDelegate : Bootstrapping Spring Data JPA repositories in DEFAULT mode.
2022-01-29 14:05:12.970  INFO 1724 --- [    Test worker] .s.d.r.c.RepositoryConfigurationDelegate : Finished Spring Data repository scanning in 79 ms. Found 1 JPA repository interfaces.
2022-01-29 14:05:13.848  INFO 1724 --- [    Test worker] com.zaxxer.hikari.HikariDataSource       : HikariPool-1 - Starting...
2022-01-29 14:05:14.064  INFO 1724 --- [    Test worker] com.zaxxer.hikari.HikariDataSource       : HikariPool-1 - Start completed.
2022-01-29 14:05:14.455  INFO 1724 --- [    Test worker] o.hibernate.jpa.internal.util.LogHelper  : HHH000204: Processing PersistenceUnitInfo [name: default]
2022-01-29 14:05:14.519  INFO 1724 --- [    Test worker] org.hibernate.Version                    : HHH000412: Hibernate ORM core version 5.4.32.Final
2022-01-29 14:05:14.678  INFO 1724 --- [    Test worker] o.hibernate.annotations.common.Version   : HCANN000001: Hibernate Commons Annotations {5.1.2.Final}
2022-01-29 14:05:14.799  INFO 1724 --- [    Test worker] org.hibernate.dialect.Dialect            : HHH000400: Using dialect: org.hibernate.dialect.H2Dialect
2022-01-29 14:05:15.474  INFO 1724 --- [    Test worker] o.h.e.t.j.p.i.JtaPlatformInitiator       : HHH000490: Using JtaPlatform implementation: [org.hibernate.engine.transaction.jta.platform.internal.NoJtaPlatform]
2022-01-29 14:05:15.487  INFO 1724 --- [    Test worker] j.LocalContainerEntityManagerFactoryBean : Initialized JPA EntityManagerFactory for persistence unit 'default'
2022-01-29 14:05:16.672  WARN 1724 --- [    Test worker] JpaBaseConfiguration$JpaWebConfiguration : spring.jpa.open-in-view is enabled by default. Therefore, database queries may be performed during view rendering. Explicitly configure spring.jpa.open-in-view to disable this warning
2022-01-29 14:05:17.045  INFO 1724 --- [    Test worker] o.s.b.a.h2.H2ConsoleAutoConfiguration    : H2 console available at '/h2-console'. Database available at 'jdbc:h2:~/test'
2022-01-29 14:05:17.460  INFO 1724 --- [    Test worker] c.interpark.ncl.ProductIntegrationTest   : Started ProductIntegrationTest in 11.38 seconds (JVM running for 13.271)
2022-01-29 14:05:17.515  INFO 1724 --- [    Test worker] o.s.t.c.transaction.TransactionContext   : Began transaction (1) for test context [DefaultTestContext@5c2cd5c7 testClass = ProductIntegrationTest, testInstance = com.interpark.ncl.ProductIntegrationTest@3da8b6, testMethod = GivenKeywordAndUserNo_WhenFindListLow5Equal_ThenAgeAndGender@ProductIntegrationTest, testException = [null], mergedContextConfiguration = [WebMergedContextConfiguration@61e051a6 testClass = ProductIntegrationTest, locations = '{}', classes = '{class com.interpark.ncl.RecommendProductApplication}', contextInitializerClasses = '[]', activeProfiles = '{}', propertySourceLocations = '{}', propertySourceProperties = '{org.springframework.boot.test.context.SpringBootTestContextBootstrapper=true}', contextCustomizers = set[org.springframework.boot.test.autoconfigure.actuate.metrics.MetricsExportContextCustomizerFactory$DisableMetricExportContextCustomizer@a259175, org.springframework.boot.test.autoconfigure.properties.PropertyMappingContextCustomizer@0, org.springframework.boot.test.autoconfigure.web.servlet.WebDriverContextCustomizerFactory$Customizer@28ef9d36, org.springframework.boot.test.context.filter.ExcludeFilterContextCustomizer@7d2972a8, org.springframework.boot.test.json.DuplicateJsonObjectContextCustomizerFactory$DuplicateJsonObjectContextCustomizer@63aab632, org.springframework.boot.test.mock.mockito.MockitoContextCustomizer@0, org.springframework.boot.test.web.client.TestRestTemplateContextCustomizer@162ae13e, org.springframework.boot.test.context.SpringBootTestArgs@1, org.springframework.boot.test.context.SpringBootTestWebEnvironment@7a7888b2], resourceBasePath = 'src/main/webapp', contextLoader = 'org.springframework.boot.test.context.SpringBootContextLoader', parent = [null]], attributes = map['org.springframework.test.context.web.ServletTestExecutionListener.activateListener' -> true, 'org.springframework.test.context.web.ServletTestExecutionListener.populatedRequestContextHolder' -> true, 'org.springframework.test.context.web.ServletTestExecutionListener.resetRequestContextHolder' -> true, 'org.springframework.test.context.event.ApplicationEventsTestExecutionListener.recordApplicationEvents' -> false]]; transaction manager [org.springframework.orm.jpa.JpaTransactionManager@7f828bf1]; rollback [true]
2022-01-29 14:05:17.778  INFO 1724 --- [    Test worker] c.i.ncl.service.ProductServiceImpl       : 키워드 일치하는 모든 상품들 : 1개
2022-01-29 14:05:17.796  INFO 1724 --- [    Test worker] c.i.ncl.service.ProductServiceImpl       : 성별 + 나이대 : 6개
2022-01-29 14:05:17.819  INFO 1724 --- [    Test worker] o.s.t.c.transaction.TransactionContext   : Rolled back transaction for test: [DefaultTestContext@5c2cd5c7 testClass = ProductIntegrationTest, testInstance = com.interpark.ncl.ProductIntegrationTest@3da8b6, testMethod = GivenKeywordAndUserNo_WhenFindListLow5Equal_ThenAgeAndGender@ProductIntegrationTest, testException = [null], mergedContextConfiguration = [WebMergedContextConfiguration@61e051a6 testClass = ProductIntegrationTest, locations = '{}', classes = '{class com.interpark.ncl.RecommendProductApplication}', contextInitializerClasses = '[]', activeProfiles = '{}', propertySourceLocations = '{}', propertySourceProperties = '{org.springframework.boot.test.context.SpringBootTestContextBootstrapper=true}', contextCustomizers = set[org.springframework.boot.test.autoconfigure.actuate.metrics.MetricsExportContextCustomizerFactory$DisableMetricExportContextCustomizer@a259175, org.springframework.boot.test.autoconfigure.properties.PropertyMappingContextCustomizer@0, org.springframework.boot.test.autoconfigure.web.servlet.WebDriverContextCustomizerFactory$Customizer@28ef9d36, org.springframework.boot.test.context.filter.ExcludeFilterContextCustomizer@7d2972a8, org.springframework.boot.test.json.DuplicateJsonObjectContextCustomizerFactory$DuplicateJsonObjectContextCustomizer@63aab632, org.springframework.boot.test.mock.mockito.MockitoContextCustomizer@0, org.springframework.boot.test.web.client.TestRestTemplateContextCustomizer@162ae13e, org.springframework.boot.test.context.SpringBootTestArgs@1, org.springframework.boot.test.context.SpringBootTestWebEnvironment@7a7888b2], resourceBasePath = 'src/main/webapp', contextLoader = 'org.springframework.boot.test.context.SpringBootContextLoader', parent = [null]], attributes = map['org.springframework.test.context.web.ServletTestExecutionListener.activateListener' -> true, 'org.springframework.test.context.web.ServletTestExecutionListener.populatedRequestContextHolder' -> true, 'org.springframework.test.context.web.ServletTestExecutionListener.resetRequestContextHolder' -> true, 'org.springframework.test.context.event.ApplicationEventsTestExecutionListener.recordApplicationEvents' -> false]]
2022-01-29 14:05:17.833  INFO 1724 --- [    Test worker] o.s.t.c.transaction.TransactionContext   : Began transaction (1) for test context [DefaultTestContext@5c2cd5c7 testClass = ProductIntegrationTest, testInstance = com.interpark.ncl.ProductIntegrationTest@3da8b6, testMethod = GivenKeywordAndUserNo_WhenFindList_ThenSortedByKeywordsAndBuyCnt@ProductIntegrationTest, testException = [null], mergedContextConfiguration = [WebMergedContextConfiguration@61e051a6 testClass = ProductIntegrationTest, locations = '{}', classes = '{class com.interpark.ncl.RecommendProductApplication}', contextInitializerClasses = '[]', activeProfiles = '{}', propertySourceLocations = '{}', propertySourceProperties = '{org.springframework.boot.test.context.SpringBootTestContextBootstrapper=true}', contextCustomizers = set[org.springframework.boot.test.autoconfigure.actuate.metrics.MetricsExportContextCustomizerFactory$DisableMetricExportContextCustomizer@a259175, org.springframework.boot.test.autoconfigure.properties.PropertyMappingContextCustomizer@0, org.springframework.boot.test.autoconfigure.web.servlet.WebDriverContextCustomizerFactory$Customizer@28ef9d36, org.springframework.boot.test.context.filter.ExcludeFilterContextCustomizer@7d2972a8, org.springframework.boot.test.json.DuplicateJsonObjectContextCustomizerFactory$DuplicateJsonObjectContextCustomizer@63aab632, org.springframework.boot.test.mock.mockito.MockitoContextCustomizer@0, org.springframework.boot.test.web.client.TestRestTemplateContextCustomizer@162ae13e, org.springframework.boot.test.context.SpringBootTestArgs@1, org.springframework.boot.test.context.SpringBootTestWebEnvironment@7a7888b2], resourceBasePath = 'src/main/webapp', contextLoader = 'org.springframework.boot.test.context.SpringBootContextLoader', parent = [null]], attributes = map['org.springframework.test.context.web.ServletTestExecutionListener.activateListener' -> true, 'org.springframework.test.context.web.ServletTestExecutionListener.populatedRequestContextHolder' -> true, 'org.springframework.test.context.web.ServletTestExecutionListener.resetRequestContextHolder' -> true, 'org.springframework.test.context.event.ApplicationEventsTestExecutionListener.recordApplicationEvents' -> false]]; transaction manager [org.springframework.orm.jpa.JpaTransactionManager@7f828bf1]; rollback [true]
2022-01-29 14:05:17.850  INFO 1724 --- [    Test worker] c.i.ncl.service.ProductServiceImpl       : 키워드 일치하는 모든 상품들 : 13개
2022-01-29 14:05:17.853  INFO 1724 --- [    Test worker] o.s.t.c.transaction.TransactionContext   : Rolled back transaction for test: [DefaultTestContext@5c2cd5c7 testClass = ProductIntegrationTest, testInstance = com.interpark.ncl.ProductIntegrationTest@3da8b6, testMethod = GivenKeywordAndUserNo_WhenFindList_ThenSortedByKeywordsAndBuyCnt@ProductIntegrationTest, testException = [null], mergedContextConfiguration = [WebMergedContextConfiguration@61e051a6 testClass = ProductIntegrationTest, locations = '{}', classes = '{class com.interpark.ncl.RecommendProductApplication}', contextInitializerClasses = '[]', activeProfiles = '{}', propertySourceLocations = '{}', propertySourceProperties = '{org.springframework.boot.test.context.SpringBootTestContextBootstrapper=true}', contextCustomizers = set[org.springframework.boot.test.autoconfigure.actuate.metrics.MetricsExportContextCustomizerFactory$DisableMetricExportContextCustomizer@a259175, org.springframework.boot.test.autoconfigure.properties.PropertyMappingContextCustomizer@0, org.springframework.boot.test.autoconfigure.web.servlet.WebDriverContextCustomizerFactory$Customizer@28ef9d36, org.springframework.boot.test.context.filter.ExcludeFilterContextCustomizer@7d2972a8, org.springframework.boot.test.json.DuplicateJsonObjectContextCustomizerFactory$DuplicateJsonObjectContextCustomizer@63aab632, org.springframework.boot.test.mock.mockito.MockitoContextCustomizer@0, org.springframework.boot.test.web.client.TestRestTemplateContextCustomizer@162ae13e, org.springframework.boot.test.context.SpringBootTestArgs@1, org.springframework.boot.test.context.SpringBootTestWebEnvironment@7a7888b2], resourceBasePath = 'src/main/webapp', contextLoader = 'org.springframework.boot.test.context.SpringBootContextLoader', parent = [null]], attributes = map['org.springframework.test.context.web.ServletTestExecutionListener.activateListener' -> true, 'org.springframework.test.context.web.ServletTestExecutionListener.populatedRequestContextHolder' -> true, 'org.springframework.test.context.web.ServletTestExecutionListener.resetRequestContextHolder' -> true, 'org.springframework.test.context.event.ApplicationEventsTestExecutionListener.recordApplicationEvents' -> false]]
2022-01-29 14:05:17.857  INFO 1724 --- [    Test worker] o.s.t.c.transaction.TransactionContext   : Began transaction (1) for test context [DefaultTestContext@5c2cd5c7 testClass = ProductIntegrationTest, testInstance = com.interpark.ncl.ProductIntegrationTest@3da8b6, testMethod = GivenKeywordAndUserNo_WhenLow5AndUserNull_ThenSortedBuyCnt@ProductIntegrationTest, testException = [null], mergedContextConfiguration = [WebMergedContextConfiguration@61e051a6 testClass = ProductIntegrationTest, locations = '{}', classes = '{class com.interpark.ncl.RecommendProductApplication}', contextInitializerClasses = '[]', activeProfiles = '{}', propertySourceLocations = '{}', propertySourceProperties = '{org.springframework.boot.test.context.SpringBootTestContextBootstrapper=true}', contextCustomizers = set[org.springframework.boot.test.autoconfigure.actuate.metrics.MetricsExportContextCustomizerFactory$DisableMetricExportContextCustomizer@a259175, org.springframework.boot.test.autoconfigure.properties.PropertyMappingContextCustomizer@0, org.springframework.boot.test.autoconfigure.web.servlet.WebDriverContextCustomizerFactory$Customizer@28ef9d36, org.springframework.boot.test.context.filter.ExcludeFilterContextCustomizer@7d2972a8, org.springframework.boot.test.json.DuplicateJsonObjectContextCustomizerFactory$DuplicateJsonObjectContextCustomizer@63aab632, org.springframework.boot.test.mock.mockito.MockitoContextCustomizer@0, org.springframework.boot.test.web.client.TestRestTemplateContextCustomizer@162ae13e, org.springframework.boot.test.context.SpringBootTestArgs@1, org.springframework.boot.test.context.SpringBootTestWebEnvironment@7a7888b2], resourceBasePath = 'src/main/webapp', contextLoader = 'org.springframework.boot.test.context.SpringBootContextLoader', parent = [null]], attributes = map['org.springframework.test.context.web.ServletTestExecutionListener.activateListener' -> true, 'org.springframework.test.context.web.ServletTestExecutionListener.populatedRequestContextHolder' -> true, 'org.springframework.test.context.web.ServletTestExecutionListener.resetRequestContextHolder' -> true, 'org.springframework.test.context.event.ApplicationEventsTestExecutionListener.recordApplicationEvents' -> false]]; transaction manager [org.springframework.orm.jpa.JpaTransactionManager@7f828bf1]; rollback [true]
2022-01-29 14:05:17.869  INFO 1724 --- [    Test worker] c.i.ncl.service.ProductServiceImpl       : 키워드 일치하는 모든 상품들 : 0개
2022-01-29 14:05:17.880  INFO 1724 --- [    Test worker] c.i.ncl.service.ProductServiceImpl       : 사용자 정보 누락. 바로 리턴
2022-01-29 14:05:17.885  INFO 1724 --- [    Test worker] o.s.t.c.transaction.TransactionContext   : Rolled back transaction for test: [DefaultTestContext@5c2cd5c7 testClass = ProductIntegrationTest, testInstance = com.interpark.ncl.ProductIntegrationTest@3da8b6, testMethod = GivenKeywordAndUserNo_WhenLow5AndUserNull_ThenSortedBuyCnt@ProductIntegrationTest, testException = [null], mergedContextConfiguration = [WebMergedContextConfiguration@61e051a6 testClass = ProductIntegrationTest, locations = '{}', classes = '{class com.interpark.ncl.RecommendProductApplication}', contextInitializerClasses = '[]', activeProfiles = '{}', propertySourceLocations = '{}', propertySourceProperties = '{org.springframework.boot.test.context.SpringBootTestContextBootstrapper=true}', contextCustomizers = set[org.springframework.boot.test.autoconfigure.actuate.metrics.MetricsExportContextCustomizerFactory$DisableMetricExportContextCustomizer@a259175, org.springframework.boot.test.autoconfigure.properties.PropertyMappingContextCustomizer@0, org.springframework.boot.test.autoconfigure.web.servlet.WebDriverContextCustomizerFactory$Customizer@28ef9d36, org.springframework.boot.test.context.filter.ExcludeFilterContextCustomizer@7d2972a8, org.springframework.boot.test.json.DuplicateJsonObjectContextCustomizerFactory$DuplicateJsonObjectContextCustomizer@63aab632, org.springframework.boot.test.mock.mockito.MockitoContextCustomizer@0, org.springframework.boot.test.web.client.TestRestTemplateContextCustomizer@162ae13e, org.springframework.boot.test.context.SpringBootTestArgs@1, org.springframework.boot.test.context.SpringBootTestWebEnvironment@7a7888b2], resourceBasePath = 'src/main/webapp', contextLoader = 'org.springframework.boot.test.context.SpringBootContextLoader', parent = [null]], attributes = map['org.springframework.test.context.web.ServletTestExecutionListener.activateListener' -> true, 'org.springframework.test.context.web.ServletTestExecutionListener.populatedRequestContextHolder' -> true, 'org.springframework.test.context.web.ServletTestExecutionListener.resetRequestContextHolder' -> true, 'org.springframework.test.context.event.ApplicationEventsTestExecutionListener.recordApplicationEvents' -> false]]
]]></system-out>
  <system-err><![CDATA[]]></system-err>
</testsuite>
